TN:
SF:src\models\AuditLog.ts
FN:9,(anonymous_1)
FNF:1
FNH:0
FNDA:0,(anonymous_1)
DA:1,0
DA:3,0
DA:9,0
DA:13,0
LF:4
LH:0
BRF:0
BRH:0
end_of_record
TN:
SF:src\models\Datasource.ts
FNF:0
FNH:0
DA:1,0
DA:3,0
DA:12,0
DA:14,0
LF:4
LH:0
BRF:0
BRH:0
end_of_record
TN:
SF:src\models\Filter.ts
FN:16,(anonymous_1)
FN:17,(anonymous_2)
FNF:2
FNH:0
FNDA:0,(anonymous_1)
FNDA:0,(anonymous_2)
DA:1,0
DA:3,0
DA:16,0
DA:17,0
DA:21,0
DA:23,0
LF:6
LH:0
BRF:0
BRH:0
end_of_record
TN:
SF:src\models\Project.ts
FN:7,(anonymous_1)
FNF:1
FNH:0
FNDA:0,(anonymous_1)
DA:1,0
DA:3,0
DA:7,0
DA:12,0
DA:14,0
LF:5
LH:0
BRF:0
BRH:0
end_of_record
TN:
SF:src\models\User.ts
FNF:0
FNH:0
DA:1,0
DA:3,0
DA:13,0
LF:3
LH:0
BRF:0
BRH:0
end_of_record
TN:
SF:src\models\index.ts
FN:8,connectDb
FNF:1
FNH:0
FNDA:0,connectDb
DA:1,0
DA:2,0
DA:4,0
DA:6,0
DA:8,0
DA:9,0
DA:10,0
DA:11,0
DA:14,0
LF:9
LH:0
BRDA:6,0,0,0
BRDA:6,0,1,0
BRDA:9,1,0,0
BRF:3
BRH:0
end_of_record
TN:
SF:src\routes\auth.ts
FN:8,default_1
FN:9,(anonymous_2)
FN:29,(anonymous_3)
FNF:3
FNH:0
FNDA:0,default_1
FNDA:0,(anonymous_2)
FNDA:0,(anonymous_3)
DA:2,0
DA:3,0
DA:4,0
DA:6,0
DA:8,0
DA:9,0
DA:10,0
DA:11,0
DA:12,0
DA:13,0
DA:14,0
DA:15,0
DA:16,0
DA:17,0
DA:18,0
DA:29,0
DA:30,0
DA:31,0
DA:32,0
DA:33,0
DA:34,0
DA:35,0
DA:37,0
LF:23
LH:0
BRDA:11,0,0,0
BRDA:14,1,0,0
BRDA:16,2,0,0
BRDA:23,3,0,0
BRDA:23,3,1,0
BRDA:32,4,0,0
BRF:6
BRH:0
end_of_record
TN:
SF:src\routes\datasource-options.ts
FN:4,default_1
FN:6,(anonymous_1)
FN:39,(anonymous_2)
FN:45,(anonymous_3)
FN:77,(anonymous_4)
FN:106,(anonymous_5)
FNF:6
FNH:0
FNDA:0,default_1
FNDA:0,(anonymous_1)
FNDA:0,(anonymous_2)
FNDA:0,(anonymous_3)
FNDA:0,(anonymous_4)
FNDA:0,(anonymous_5)
DA:2,0
DA:4,0
DA:6,0
DA:13,0
DA:14,0
DA:16,0
DA:22,0
DA:24,0
DA:26,0
DA:27,0
DA:31,0
DA:32,0
DA:36,0
DA:39,0
DA:40,0
DA:42,0
DA:43,0
DA:45,0
DA:46,0
DA:50,0
DA:51,0
DA:52,0
DA:54,0
DA:57,0
DA:61,0
DA:68,0
DA:69,0
DA:71,0
DA:73,0
DA:75,0
DA:76,0
DA:77,0
DA:78,0
DA:79,0
DA:84,0
DA:91,0
DA:97,0
DA:98,0
DA:100,0
DA:105,0
DA:106,0
DA:107,0
DA:108,0
DA:113,0
DA:119,0
DA:120,0
DA:121,0
DA:122,0
DA:123,0
DA:124,0
DA:125,0
DA:126,0
DA:130,0
DA:135,0
DA:136,0
DA:141,0
DA:144,0
DA:145,0
DA:146,0
DA:147,0
DA:148,0
DA:153,0
DA:157,0
DA:158,0
DA:161,0
DA:163,0
DA:164,0
LF:67
LH:0
BRDA:26,0,0,0
BRDA:31,1,0,0
BRDA:31,2,0,0
BRDA:31,2,1,0
BRDA:32,3,0,0
BRDA:32,4,0,0
BRDA:32,5,0,0
BRDA:40,6,0,0
BRDA:40,7,0,0
BRDA:40,7,1,0
BRDA:40,7,2,0
BRDA:50,8,0,0
BRDA:50,8,1,0
BRDA:50,9,0,0
BRDA:50,9,1,0
BRDA:69,10,0,0
BRDA:69,11,0,0
BRDA:69,11,1,0
BRDA:73,12,0,0
BRDA:78,13,0,0
BRDA:107,14,0,0
BRDA:119,15,0,0
BRDA:119,15,1,0
BRDA:119,16,0,0
BRDA:119,16,1,0
BRDA:121,17,0,0
BRDA:121,17,1,0
BRDA:121,18,0,0
BRDA:121,18,1,0
BRDA:122,19,0,0
BRDA:122,19,1,0
BRDA:124,20,0,0
BRDA:124,21,0,0
BRDA:124,21,1,0
BRDA:124,21,2,0
BRDA:135,22,0,0
BRDA:144,23,0,0
BRDA:147,24,0,0
BRDA:147,25,0,0
BRDA:147,25,1,0
BRDA:157,26,0,0
BRDA:157,27,0,0
BRDA:157,27,1,0
BRDA:166,28,0,0
BRDA:166,28,1,0
BRF:45
BRH:0
end_of_record
TN:
SF:src\routes\datasources.ts
FN:14,default_1
FN:15,(anonymous_1)
FN:21,(anonymous_2)
FN:29,(anonymous_3)
FN:35,(anonymous_4)
FNF:5
FNH:0
FNDA:0,default_1
FNDA:0,(anonymous_1)
FNDA:0,(anonymous_2)
FNDA:0,(anonymous_3)
FNDA:0,(anonymous_4)
DA:2,0
DA:3,0
DA:5,0
DA:14,0
DA:15,0
DA:16,0
DA:17,0
DA:18,0
DA:21,0
DA:22,0
DA:23,0
DA:24,0
DA:25,0
DA:29,0
DA:30,0
DA:31,0
DA:32,0
DA:35,0
DA:36,0
DA:37,0
DA:38,0
LF:21
LH:0
BRDA:23,0,0,0
BRF:1
BRH:0
end_of_record
TN:
SF:src\routes\filters.ts
FN:7,default_1
FN:8,(anonymous_1)
FN:14,(anonymous_2)
FN:21,(anonymous_3)
FN:28,(anonymous_4)
FN:34,(anonymous_5)
FN:40,(anonymous_6)
FNF:7
FNH:0
FNDA:0,default_1
FNDA:0,(anonymous_1)
FNDA:0,(anonymous_2)
FNDA:0,(anonymous_3)
FNDA:0,(anonymous_4)
FNDA:0,(anonymous_5)
FNDA:0,(anonymous_6)
DA:2,0
DA:3,0
DA:5,0
DA:7,0
DA:8,0
DA:9,0
DA:10,0
DA:11,0
DA:14,0
DA:15,0
DA:16,0
DA:17,0
DA:18,0
DA:21,0
DA:22,0
DA:23,0
DA:24,0
DA:25,0
DA:28,0
DA:29,0
DA:30,0
DA:31,0
DA:34,0
DA:35,0
DA:36,0
DA:37,0
DA:40,0
DA:42,0
LF:28
LH:0
BRDA:16,0,0,0
BRDA:24,1,0,0
BRF:2
BRH:0
end_of_record
TN:
SF:src\routes\generateQuery.ts
FN:15,default_1
FN:16,(anonymous_1)
FNF:2
FNH:0
FNDA:0,default_1
FNDA:0,(anonymous_1)
DA:2,0
DA:4,0
DA:15,0
DA:16,0
DA:20,0
DA:21,0
DA:23,0
DA:24,0
DA:27,0
DA:28,0
DA:31,0
DA:32,0
DA:35,0
DA:36,0
DA:39,0
DA:40,0
DA:41,0
DA:42,0
DA:44,0
DA:45,0
DA:47,0
DA:48,0
DA:53,0
DA:57,0
LF:24
LH:0
BRDA:23,0,0,0
BRDA:31,1,0,0
BRDA:31,1,1,0
BRDA:32,2,0,0
BRDA:32,3,0,0
BRDA:32,3,1,0
BRDA:35,4,0,0
BRDA:35,4,1,0
BRDA:39,5,0,0
BRDA:39,5,1,0
BRDA:39,6,0,0
BRDA:39,6,1,0
BRDA:39,6,2,0
BRDA:39,6,3,0
BRDA:41,7,0,0
BRDA:41,8,0,0
BRDA:41,8,1,0
BRDA:41,8,2,0
BRDA:44,9,0,0
BRDA:44,10,0,0
BRDA:44,10,1,0
BRDA:44,10,2,0
BRDA:47,11,0,0
BRDA:60,12,0,0
BRDA:60,12,1,0
BRDA:61,13,0,0
BRDA:61,13,1,0
BRF:27
BRH:0
end_of_record
TN:
SF:src\routes\mock-cities.ts
FN:27,default_1
FN:29,(anonymous_1)
FN:39,(anonymous_2)
FN:40,(anonymous_3)
FN:42,(anonymous_4)
FN:55,(anonymous_5)
FN:56,(anonymous_6)
FN:64,(anonymous_7)
FNF:8
FNH:5
FNDA:1,default_1
FNDA:14,(anonymous_1)
FNDA:0,(anonymous_2)
FNDA:0,(anonymous_3)
FNDA:0,(anonymous_4)
FNDA:48,(anonymous_5)
FNDA:200,(anonymous_6)
FNDA:21,(anonymous_7)
DA:4,1
DA:27,1
DA:29,1
DA:32,14
DA:34,14
DA:37,14
DA:38,0
DA:40,0
DA:42,0
DA:47,0
DA:48,0
DA:51,14
DA:53,4
DA:55,4
DA:56,200
DA:58,4
DA:59,4
DA:63,10
DA:64,21
DA:67,10
DA:68,10
DA:70,10
LF:22
LH:17
BRDA:37,0,0,0
BRDA:43,1,0,0
BRDA:43,1,1,0
BRDA:43,2,0,0
BRDA:43,2,1,0
BRDA:44,3,0,0
BRDA:44,3,1,0
BRDA:44,4,0,0
BRDA:44,4,1,0
BRDA:51,5,0,4
BRDA:67,6,0,9
BRDA:67,6,1,1
BRF:12
BRH:3
end_of_record
TN:
SF:src\routes\mock-countries.ts
FN:21,default_1
FN:23,(anonymous_1)
FN:40,(anonymous_2)
FNF:3
FNH:3
FNDA:1,default_1
FNDA:23,(anonymous_1)
FNDA:42,(anonymous_2)
DA:4,1
DA:10,1
DA:21,1
DA:23,1
DA:26,23
DA:28,23
DA:30,23
DA:32,1
DA:33,1
DA:37,22
DA:39,22
DA:40,42
DA:41,21
DA:42,21
DA:45,1
DA:46,1
LF:16
LH:16
BRDA:30,0,0,1
BRDA:39,1,0,21
BRF:2
BRH:2
end_of_record
TN:
SF:src\routes\projects.ts
FN:7,default_1
FN:8,(anonymous_1)
FN:13,(anonymous_2)
FN:20,(anonymous_3)
FNF:4
FNH:0
FNDA:0,default_1
FNDA:0,(anonymous_1)
FNDA:0,(anonymous_2)
FNDA:0,(anonymous_3)
DA:2,0
DA:3,0
DA:5,0
DA:7,0
DA:8,0
DA:9,0
DA:10,0
DA:13,0
DA:14,0
DA:15,0
DA:16,0
DA:17,0
DA:20,0
DA:21,0
DA:22,0
DA:23,0
DA:24,0
LF:17
LH:0
BRDA:15,0,0,0
BRDA:23,1,0,0
BRF:2
BRH:0
end_of_record
TN:
SF:src\scripts\seed.ts
FN:10,seed
FNF:1
FNH:0
FNDA:0,seed
DA:1,0
DA:2,0
DA:3,0
DA:4,0
DA:5,0
DA:6,0
DA:8,0
DA:11,0
DA:12,0
DA:13,0
DA:14,0
DA:17,0
DA:18,0
DA:19,0
DA:20,0
DA:21,0
DA:24,0
DA:25,0
DA:26,0
DA:33,0
DA:34,0
DA:47,0
DA:48,0
DA:74,0
DA:77,0
DA:95,0
DA:118,0
DA:135,0
DA:153,0
DA:168,0
DA:169,0
DA:170,0
DA:173,0
DA:175,0
DA:179,0
LF:35
LH:0
BRDA:8,0,0,0
BRDA:8,0,1,0
BRF:2
BRH:0
end_of_record
